# JRE version: OpenJDK Runtime Environment Temurin-21.0.3+9 (21.0.3+9) (build 21.0.3+9-LTS)
# Java VM: OpenJDK 64-Bit Server VM Temurin-21.0.3+9 (21.0.3+9-LTS, mixed mode, emulated-client, tiered, compressed oops, compressed class ptrs, g1 gc, bsd-aarch64)
GC Precious Log:
 CardTable entry size: 512
 Card Set container configuration: InlinePtr #cards 5 size 8 Array Of Cards #cards 12 size 40 Howl #buckets 4 coarsen threshold 1843 Howl Bitmap #cards 512 size 80 coarsen threshold 460 Card regions per heap region 1 cards per card region 2048
 CPUs: 8 total, 8 available
 Memory: 8192M
 Large Page Support: Disabled
 NUMA Support: Disabled
 Compressed Oops: Enabled (Zero based)
 Heap Region Size: 1M
 Heap Min Capacity: 8M
 Heap Initial Capacity: 128M
 Heap Max Capacity: 2G
 Pre-touch: Disabled
 Parallel Workers: 8
 Concurrent Workers: 2
 Concurrent Refinement Workers: 8
 Periodic GC: Disabled
Heap:
 garbage-first heap   total 75776K, used 35633K [0x0000000780000000, 0x0000000800000000)
  region size 1024K, 12 young (12288K), 4 survivors (4096K)
 Metaspace       used 56846K, committed 57728K, reserved 1114112K
  class space    used 7230K, committed 7680K, reserved 1048576K
GC Heap History (20 events):
Event: 2.130 GC heap before
{Heap before GC invocations=18 (full 0):
 garbage-first heap   total 75776K, used 66989K [0x0000000780000000, 0x0000000800000000)
  region size 1024K, 43 young (44032K), 3 survivors (3072K)
 Metaspace       used 52292K, committed 52928K, reserved 1114112K
  class space    used 6648K, committed 6912K, reserved 1048576K
}
Event: 2.133 GC heap after
{Heap after GC invocations=19 (full 0):
 garbage-first heap   total 75776K, used 29078K [0x0000000780000000, 0x0000000800000000)
  region size 1024K, 6 young (6144K), 6 survivors (6144K)
 Metaspace       used 52292K, committed 52928K, reserved 1114112K
  class space    used 6648K, committed 6912K, reserved 1048576K
}
Event: 55.720 GC heap before
{Heap before GC invocations=19 (full 0):
 garbage-first heap   total 75776K, used 62870K [0x0000000780000000, 0x0000000800000000)
  region size 1024K, 40 young (40960K), 6 survivors (6144K)
 Metaspace       used 55143K, committed 55936K, reserved 1114112K
  class space    used 7043K, committed 7424K, reserved 1048576K
}
Event: 55.728 GC heap after
{Heap after GC invocations=20 (full 0):
 garbage-first heap   total 75776K, used 30768K [0x0000000780000000, 0x0000000800000000)
  region size 1024K, 3 young (3072K), 3 survivors (3072K)
 Metaspace       used 55143K, committed 55936K, reserved 1114112K
  class space    used 7043K, committed 7424K, reserved 1048576K
}
Event: 145.818 GC heap before
{Heap before GC invocations=20 (full 0):
 garbage-first heap   total 75776K, used 52272K [0x0000000780000000, 0x0000000800000000)
  region size 1024K, 26 young (26624K), 3 survivors (3072K)
 Metaspace       used 56816K, committed 57600K, reserved 1114112K
  class space    used 7287K, committed 7680K, reserved 1048576K
}
Event: 145.869 GC heap after
{Heap after GC invocations=21 (full 1):
 garbage-first heap   total 75776K, used 23543K [0x0000000780000000, 0x0000000800000000)
  region size 1024K, 0 young (0K), 0 survivors (0K)
 Metaspace       used 56400K, committed 57600K, reserved 1114112K
  class space    used 7183K, committed 7680K, reserved 1048576K
}
Event: 146.724 GC heap before
{Heap before GC invocations=21 (full 1):
 garbage-first heap   total 75776K, used 65527K [0x0000000780000000, 0x0000000800000000)
  region size 1024K, 41 young (41984K), 0 survivors (0K)
 Metaspace       used 56490K, committed 57600K, reserved 1114112K
  class space    used 7208K, committed 7680K, reserved 1048576K
}
Event: 146.726 GC heap after
{Heap after GC invocations=22 (full 1):
 garbage-first heap   total 75776K, used 27446K [0x0000000780000000, 0x0000000800000000)
  region size 1024K, 4 young (4096K), 4 survivors (4096K)
 Metaspace       used 56490K, committed 57600K, reserved 1114112K
  class space    used 7208K, committed 7680K, reserved 1048576K
}
Event: 195.796 GC heap before
{Heap before GC invocations=22 (full 1):
 garbage-first heap   total 75776K, used 59190K [0x0000000780000000, 0x0000000800000000)
  region size 1024K, 36 young (36864K), 4 survivors (4096K)
 Metaspace       used 56832K, committed 57600K, reserved 1114112K
  class space    used 7272K, committed 7680K, reserved 1048576K
}
Event: 195.844 GC heap after
{Heap after GC invocations=23 (full 2):
 garbage-first heap   total 75776K, used 25420K [0x0000000780000000, 0x0000000800000000)
  region size 1024K, 0 young (0K), 0 survivors (0K)
 Metaspace       used 56671K, committed 57600K, reserved 1114112K
  class space    used 7232K, committed 7680K, reserved 1048576K
}
Event: 196.173 GC heap before
{Heap before GC invocations=23 (full 2):
 garbage-first heap   total 75776K, used 65356K [0x0000000780000000, 0x0000000800000000)
  region size 1024K, 39 young (39936K), 0 survivors (0K)
 Metaspace       used 56685K, committed 57600K, reserved 1114112K
  class space    used 7236K, committed 7680K, reserved 1048576K
}
Event: 196.174 GC heap after
{Heap after GC invocations=24 (full 2):
 garbage-first heap   total 75776K, used 28427K [0x0000000780000000, 0x0000000800000000)
  region size 1024K, 3 young (3072K), 3 survivors (3072K)
 Metaspace       used 56685K, committed 57600K, reserved 1114112K
  class space    used 7236K, committed 7680K, reserved 1048576K
}
Event: 365.481 GC heap before
{Heap before GC invocations=24 (full 2):
 garbage-first heap   total 75776K, used 59147K [0x0000000780000000, 0x0000000800000000)
  region size 1024K, 34 young (34816K), 3 survivors (3072K)
 Metaspace       used 56796K, committed 57664K, reserved 1114112K
  class space    used 7246K, committed 7680K, reserved 1048576K
}
Event: 365.529 GC heap after
{Heap after GC invocations=25 (full 3):
 garbage-first heap   total 75776K, used 25197K [0x0000000780000000, 0x0000000800000000)
  region size 1024K, 0 young (0K), 0 survivors (0K)
 Metaspace       used 56664K, committed 57664K, reserved 1114112K
  class space    used 7211K, committed 7680K, reserved 1048576K
}
Event: 365.873 GC heap before
{Heap before GC invocations=25 (full 3):
 garbage-first heap   total 75776K, used 65133K [0x0000000780000000, 0x0000000800000000)
  region size 1024K, 39 young (39936K), 0 survivors (0K)
 Metaspace       used 56677K, committed 57664K, reserved 1114112K
  class space    used 7214K, committed 7680K, reserved 1048576K
}
Event: 365.875 GC heap after
{Heap after GC invocations=26 (full 3):
 garbage-first heap   total 75776K, used 28084K [0x0000000780000000, 0x0000000800000000)
  region size 1024K, 3 young (3072K), 3 survivors (3072K)
 Metaspace       used 56677K, committed 57664K, reserved 1114112K
  class space    used 7214K, committed 7680K, reserved 1048576K
}
Event: 374.474 GC heap before
{Heap before GC invocations=26 (full 3):
 garbage-first heap   total 75776K, used 51636K [0x0000000780000000, 0x0000000800000000)
  region size 1024K, 27 young (27648K), 3 survivors (3072K)
 Metaspace       used 56785K, committed 57728K, reserved 1114112K
  class space    used 7222K, committed 7680K, reserved 1048576K
}
Event: 374.502 GC heap after
{Heap after GC invocations=27 (full 4):
 garbage-first heap   total 75776K, used 25303K [0x0000000780000000, 0x0000000800000000)
  region size 1024K, 0 young (0K), 0 survivors (0K)
 Metaspace       used 56772K, committed 57728K, reserved 1114112K
  class space    used 7220K, committed 7680K, reserved 1048576K
}
Event: 374.685 GC heap before
{Heap before GC invocations=27 (full 4):
 garbage-first heap   total 75776K, used 65239K [0x0000000780000000, 0x0000000800000000)
  region size 1024K, 39 young (39936K), 0 survivors (0K)
 Metaspace       used 56793K, committed 57728K, reserved 1114112K
  class space    used 7225K, committed 7680K, reserved 1048576K
}
Event: 374.687 GC heap after
{Heap after GC invocations=28 (full 4):
 garbage-first heap   total 75776K, used 28465K [0x0000000780000000, 0x0000000800000000)
  region size 1024K, 4 young (4096K), 4 survivors (4096K)
 Metaspace       used 56793K, committed 57728K, reserved 1114112K
  class space    used 7225K, committed 7680K, reserved 1048576K
}

